<?xml version="1.0" encoding="UTF-8"?>
<!-- Generated by org.testng.reporters.JUnitReportReporter -->
<testsuite skipped="0" hostname="LAPTOP-UBH3B9HL" name="com.revature.testng.LoginTests" tests="2" failures="0" timestamp="20 Aug 2018 18:51:33 GMT" time="51.454" errors="0">
  <testcase name="testLogin" time="26.770" classname="com.revature.testng.LoginTests"/>
  <testcase name="testLogout" time="24.684" classname="com.revature.testng.LoginTests"/>
</testsuite> <!-- com.revature.testng.LoginTests -->
