<?xml version="1.0" encoding="UTF-8"?>
<!-- Generated by org.testng.reporters.JUnitReportReporter -->
<testsuite skipped="9" hostname="LAPTOP-UBH3B9HL" name="com.revature.testng.Assignforce_Testing_KW" tests="11" failures="0" timestamp="19 Aug 2018 03:58:56 GMT" time="32.389" errors="0">
  <testcase name="adminIterateThroughRoom" time="11.409" classname="com.revature.testng.Assignforce_Testing_KW"/>
  <testcase name="adminIterateThroughBuildling" time="20.980" classname="com.revature.testng.Assignforce_Testing_KW"/>
  <testcase name="adminIterateThroughLocations" classname="com.revature.testng.Assignforce_Testing_KW">
    <skipped/>
  </testcase> <!-- adminIterateThroughLocations -->
  <testcase name="adminCreateNewBatch" classname="com.revature.testng.Assignforce_Testing_KW">
    <skipped/>
  </testcase> <!-- adminCreateNewBatch -->
  <testcase name="testAdminLogin" classname="com.revature.testng.Assignforce_Testing_KW">
    <skipped/>
  </testcase> <!-- testAdminLogin -->
  <testcase name="adminIterateThroughBatchCoreUntilMemoryFault" classname="com.revature.testng.Assignforce_Testing_KW">
    <skipped/>
  </testcase> <!-- adminIterateThroughBatchCoreUntilMemoryFault -->
  <testcase name="adminIterateThroughBatchCoreList" classname="com.revature.testng.Assignforce_Testing_KW">
    <skipped/>
  </testcase> <!-- adminIterateThroughBatchCoreList -->
  <testcase name="adminIterateThroughCotrainers" classname="com.revature.testng.Assignforce_Testing_KW">
    <skipped/>
  </testcase> <!-- adminIterateThroughCotrainers -->
  <testcase name="adminIterateThroughSkillsList" classname="com.revature.testng.Assignforce_Testing_KW">
    <skipped/>
  </testcase> <!-- adminIterateThroughSkillsList -->
  <testcase name="testUserLogin" classname="com.revature.testng.Assignforce_Testing_KW">
    <skipped/>
  </testcase> <!-- testUserLogin -->
  <testcase name="adminIterateThroughTrainers" classname="com.revature.testng.Assignforce_Testing_KW">
    <skipped/>
  </testcase> <!-- adminIterateThroughTrainers -->
</testsuite> <!-- com.revature.testng.Assignforce_Testing_KW -->
