<?xml version="1.0" encoding="UTF-8"?>
<!-- Generated by org.testng.reporters.JUnitReportReporter -->
<testsuite skipped="5" hostname="DESKTOP-1L1R9TH" name="com.revature.testng.Assignforce_Testing_KW" tests="6" failures="0" timestamp="18 Aug 2018 04:22:40 GMT" time="398.705" errors="0">
  <testcase name="adminIterateThroughBatchCoreUntilMemoryFault" time="398.705" classname="com.revature.testng.Assignforce_Testing_KW"/>
  <testcase name="adminCreateNewBatch" classname="com.revature.testng.Assignforce_Testing_KW">
    <skipped/>
  </testcase> <!-- adminCreateNewBatch -->
  <testcase name="adminIterateThroughBatchCoreList2" classname="com.revature.testng.Assignforce_Testing_KW">
    <skipped/>
  </testcase> <!-- adminIterateThroughBatchCoreList2 -->
  <testcase name="testAdminLogin" classname="com.revature.testng.Assignforce_Testing_KW">
    <skipped/>
  </testcase> <!-- testAdminLogin -->
  <testcase name="adminIterateThroughBatchCoreList" classname="com.revature.testng.Assignforce_Testing_KW">
    <skipped/>
  </testcase> <!-- adminIterateThroughBatchCoreList -->
  <testcase name="testUserLogin" classname="com.revature.testng.Assignforce_Testing_KW">
    <skipped/>
  </testcase> <!-- testUserLogin -->
</testsuite> <!-- com.revature.testng.Assignforce_Testing_KW -->
