<?xml version="1.0" encoding="UTF-8"?>
<!-- Generated by org.testng.reporters.JUnitReportReporter -->
<testsuite skipped="0" hostname="2CE4250J62" name="com.revature.testng.loginTests" tests="2" failures="0" timestamp="17 Aug 2018 18:35:25 GMT" time="27.221" errors="0">
  <testcase name="testLogin" time="12.647" classname="com.revature.testng.loginTests"/>
  <testcase name="testLogout" time="14.574" classname="com.revature.testng.loginTests"/>
</testsuite> <!-- com.revature.testng.loginTests -->
