<?xml version="1.0" encoding="UTF-8"?>
<!-- Generated by org.testng.reporters.JUnitReportReporter -->
<testsuite skipped="0" hostname="LAPTOP-UBH3B9HL" name="com.revature.cucumber.TestRunnerBatch" tests="1" failures="0" timestamp="20 Aug 2018 18:26:54 GMT" time="244.670" errors="0">
  <testcase name="feature" time="244.670" classname="com.revature.cucumber.TestRunnerBatch"/>
</testsuite> <!-- com.revature.cucumber.TestRunnerBatch -->
