<?xml version="1.0" encoding="UTF-8"?>
<!-- Generated by org.testng.reporters.JUnitReportReporter -->
<testsuite skipped="10" hostname="LAPTOP-UBH3B9HL" name="com.revature.testng.Assignforce_Testing_KW" tests="11" failures="0" timestamp="21 Aug 2018 20:20:46 GMT" time="65.697" errors="0">
  <testcase name="adminCreateNewBatchAndCancel" time="65.697" classname="com.revature.testng.Assignforce_Testing_KW"/>
  <testcase name="adminCreateNewBatchAndCancel3" classname="com.revature.testng.Assignforce_Testing_KW">
    <skipped/>
  </testcase> <!-- adminCreateNewBatchAndCancel3 -->
  <testcase name="adminCreateNewBatchAndCancel2" classname="com.revature.testng.Assignforce_Testing_KW">
    <skipped/>
  </testcase> <!-- adminCreateNewBatchAndCancel2 -->
  <testcase name="adminCreateNewBatchAndCancel10" classname="com.revature.testng.Assignforce_Testing_KW">
    <skipped/>
  </testcase> <!-- adminCreateNewBatchAndCancel10 -->
  <testcase name="adminCreateNewBatchAndCancel9" classname="com.revature.testng.Assignforce_Testing_KW">
    <skipped/>
  </testcase> <!-- adminCreateNewBatchAndCancel9 -->
  <testcase name="adminCreateNewBatchAndCancel8" classname="com.revature.testng.Assignforce_Testing_KW">
    <skipped/>
  </testcase> <!-- adminCreateNewBatchAndCancel8 -->
  <testcase name="adminCreateNewBatchAndCancel5" classname="com.revature.testng.Assignforce_Testing_KW">
    <skipped/>
  </testcase> <!-- adminCreateNewBatchAndCancel5 -->
  <testcase name="adminCreateNewBatchAndSubmit" classname="com.revature.testng.Assignforce_Testing_KW">
    <skipped/>
  </testcase> <!-- adminCreateNewBatchAndSubmit -->
  <testcase name="adminCreateNewBatchAndCancel7" classname="com.revature.testng.Assignforce_Testing_KW">
    <skipped/>
  </testcase> <!-- adminCreateNewBatchAndCancel7 -->
  <testcase name="adminCreateNewBatchAndCancel4" classname="com.revature.testng.Assignforce_Testing_KW">
    <skipped/>
  </testcase> <!-- adminCreateNewBatchAndCancel4 -->
  <testcase name="adminCreateNewBatchAndCancel6" classname="com.revature.testng.Assignforce_Testing_KW">
    <skipped/>
  </testcase> <!-- adminCreateNewBatchAndCancel6 -->
</testsuite> <!-- com.revature.testng.Assignforce_Testing_KW -->
