<?xml version="1.0" encoding="UTF-8"?>
<!-- Generated by org.testng.reporters.JUnitReportReporter -->
<testsuite skipped="0" hostname="LAPTOP-UBH3B9HL" name="com.revature.testng.Assignforce_Testing_KW" tests="2" failures="0" timestamp="17 Aug 2018 17:27:42 GMT" time="31.642" errors="0">
  <testcase name="testAdminLogin" time="17.833" classname="com.revature.testng.Assignforce_Testing_KW"/>
  <testcase name="testUserLogin" time="13.809" classname="com.revature.testng.Assignforce_Testing_KW"/>
</testsuite> <!-- com.revature.testng.Assignforce_Testing_KW -->
