<?xml version="1.0" encoding="UTF-8"?>
<!-- Generated by org.testng.reporters.JUnitReportReporter -->
<<<<<<< HEAD
<testsuite skipped="1" hostname="2CE4250J62" name="com.revature.cucumber.TestRunner" tests="1" failures="0" timestamp="20 Aug 2018 07:02:54 GMT" time="0.000" errors="0">
  <testcase name="feature" time="0.000" classname="com.revature.cucumber.TestRunner">
    <skipped/>
  </testcase> <!-- feature -->
=======
<testsuite skipped="0" hostname="LAPTOP-UBH3B9HL" name="com.revature.cucumber.TestRunner" tests="1" failures="0" timestamp="20 Aug 2018 04:43:36 GMT" time="19.746" errors="0">
  <testcase name="feature" time="19.746" classname="com.revature.cucumber.TestRunner"/>
>>>>>>> timSelenium
</testsuite> <!-- com.revature.cucumber.TestRunner -->
