<?xml version="1.0" encoding="UTF-8"?>
<!-- Generated by org.testng.reporters.JUnitReportReporter -->
<testsuite skipped="0" hostname="LevinLaptop" name="com.revature.testng.Assignforce_Testing_KW" tests="1" failures="0" timestamp="17 Aug 2018 14:59:36 GMT" time="7.586" errors="0">
  <testcase name="testDriver" time="7.586" classname="com.revature.testng.Assignforce_Testing_KW"/>
</testsuite> <!-- com.revature.testng.Assignforce_Testing_KW -->
