<?xml version="1.0" encoding="UTF-8"?>
<!-- Generated by org.testng.reporters.JUnitReportReporter -->
<testsuite skipped="0" hostname="LAPTOP-UBH3B9HL" name="com.revature.testng.Assignforce_Testing_KW_Users" tests="2" failures="0" timestamp="20 Aug 2018 01:33:34 GMT" time="29.301" errors="0">
  <testcase name="userProfile" time="16.374" classname="com.revature.testng.Assignforce_Testing_KW_Users"/>
  <testcase name="userSettings" time="12.927" classname="com.revature.testng.Assignforce_Testing_KW_Users"/>
</testsuite> <!-- com.revature.testng.Assignforce_Testing_KW_Users -->
