<?xml version="1.0" encoding="UTF-8"?>
<!-- Generated by org.testng.reporters.JUnitReportReporter -->
<testsuite skipped="0" hostname="LAPTOP-UBH3B9HL" name="com.revature.testng.Assignforce_Testing_KW" tests="1" failures="0" timestamp="15 Aug 2018 16:44:33 GMT" time="12.572" errors="0">
  <testcase name="testDriver" time="12.572" classname="com.revature.testng.Assignforce_Testing_KW"/>
</testsuite> <!-- com.revature.testng.Assignforce_Testing_KW -->
