<?xml version="1.0" encoding="UTF-8"?>
<!-- Generated by org.testng.reporters.JUnitReportReporter -->
<testsuite skipped="0" hostname="LAPTOP-UBH3B9HL" name="com.revature.cucumber.TestRunner" tests="1" failures="0" timestamp="17 Aug 2018 19:23:10 GMT" time="20.567" errors="0">
  <testcase name="feature" time="20.567" classname="com.revature.cucumber.TestRunner"/>
</testsuite> <!-- com.revature.cucumber.TestRunner -->
