<?xml version="1.0" encoding="UTF-8"?>
<!-- Generated by org.testng.reporters.JUnitReportReporter -->
<testsuite skipped="12" hostname="LAPTOP-UBH3B9HL" name="com.revature.testng.Assignforce_Testing_KW" tests="24" failures="0" timestamp="20 Aug 2018 01:09:33 GMT" time="352.306" errors="1">
  <testcase name="adminEditMultipleBatch" time="10.224" classname="com.revature.testng.Assignforce_Testing_KW">
    <skipped/>
  </testcase> <!-- adminEditMultipleBatch -->
  <testcase name="adminIterateThroughSkillsList" time="11.976" classname="com.revature.testng.Assignforce_Testing_KW">
    <skipped/>
  </testcase> <!-- adminIterateThroughSkillsList -->
  <testcase name="adminCreateNewBatchAndCancel5" time="32.877" classname="com.revature.testng.Assignforce_Testing_KW"/>
  <testcase name="adminCreateNewBatchAndCancel3" time="29.410" classname="com.revature.testng.Assignforce_Testing_KW"/>
  <testcase name="adminCreateNewBatchAndCancel8" time="29.427" classname="com.revature.testng.Assignforce_Testing_KW"/>
  <testcase name="adminIterateThroughTrainers" time="20.504" classname="com.revature.testng.Assignforce_Testing_KW">
    <skipped/>
  </testcase> <!-- adminIterateThroughTrainers -->
  <testcase name="adminEditSingleBatch" time="11.439" classname="com.revature.testng.Assignforce_Testing_KW">
    <skipped/>
  </testcase> <!-- adminEditSingleBatch -->
  <testcase name="adminCreateNewBatchAndSubmit" time="31.949" classname="com.revature.testng.Assignforce_Testing_KW"/>
  <testcase name="adminIterateThroughRoom" time="12.628" classname="com.revature.testng.Assignforce_Testing_KW">
    <skipped/>
  </testcase> <!-- adminIterateThroughRoom -->
  <testcase name="adminIterateThroughLocations" time="12.122" classname="com.revature.testng.Assignforce_Testing_KW">
    <skipped/>
  </testcase> <!-- adminIterateThroughLocations -->
  <testcase name="logoutAndCloseDriver" time="13.449" classname="com.revature.testng.Assignforce_Testing_KW">
    <error type="org.openqa.selenium.StaleElementReferenceException" message="stale element reference: element is not attached to the page document
  (Session info: chrome=68.0.3440.106)
  (Driver info: chromedriver=2.41.578737 (49da6702b16031c40d63e5618de03a32ff6c197e),platform=Windows NT 10.0.17134 x86_64) (WARNING: The server did not provide any stacktrace information)
Command duration or timeout: 0 milliseconds
For documentation on this error, please visit: http://seleniumhq.org/exceptions/stale_element_reference.html
Build info: version: &#039;3.11.0&#039;, revision: &#039;e59cfb3&#039;, time: &#039;2018-03-11T20:26:55.152Z&#039;
System info: host: &#039;LAPTOP-UBH3B9HL&#039;, ip: &#039;10.0.0.90&#039;, os.name: &#039;Windows 10&#039;, os.arch: &#039;amd64&#039;, os.version: &#039;10.0&#039;, java.version: &#039;1.8.0_172&#039;
Driver info: org.openqa.selenium.chrome.ChromeDriver
Capabilities {acceptInsecureCerts: false, acceptSslCerts: false, applicationCacheEnabled: false, browserConnectionEnabled: false, browserName: chrome, chrome: {chromedriverVersion: 2.41.578737 (49da6702b16031..., userDataDir: C:\Users\Kevin\AppData\Loca...}, cssSelectorsEnabled: true, databaseEnabled: false, goog:chromeOptions: {debuggerAddress: localhost:51791}, handlesAlerts: true, hasTouchScreen: false, javascriptEnabled: true, locationContextEnabled: true, mobileEmulationEnabled: false, nativeEvents: true, networkConnectionEnabled: false, pageLoadStrategy: normal, platform: XP, platformName: XP, rotatable: false, setWindowRect: true, takesHeapSnapshot: true, takesScreenshot: true, unexpectedAlertBehaviour: , unhandledPromptBehavior: , version: 68.0.3440.106, webStorageEnabled: true}
Session ID: 6f334fd4de34a564448805849cd05d14">
      <![CDATA[org.openqa.selenium.StaleElementReferenceException: stale element reference: element is not attached to the page document
  (Session info: chrome=68.0.3440.106)
  (Driver info: chromedriver=2.41.578737 (49da6702b16031c40d63e5618de03a32ff6c197e),platform=Windows NT 10.0.17134 x86_64) (WARNING: The server did not provide any stacktrace information)
Command duration or timeout: 0 milliseconds
For documentation on this error, please visit: http://seleniumhq.org/exceptions/stale_element_reference.html
Build info: version: '3.11.0', revision: 'e59cfb3', time: '2018-03-11T20:26:55.152Z'
System info: host: 'LAPTOP-UBH3B9HL', ip: '10.0.0.90', os.name: 'Windows 10', os.arch: 'amd64', os.version: '10.0', java.version: '1.8.0_172'
Driver info: org.openqa.selenium.chrome.ChromeDriver
Capabilities {acceptInsecureCerts: false, acceptSslCerts: false, applicationCacheEnabled: false, browserConnectionEnabled: false, browserName: chrome, chrome: {chromedriverVersion: 2.41.578737 (49da6702b16031..., userDataDir: C:\Users\Kevin\AppData\Loca...}, cssSelectorsEnabled: true, databaseEnabled: false, goog:chromeOptions: {debuggerAddress: localhost:51791}, handlesAlerts: true, hasTouchScreen: false, javascriptEnabled: true, locationContextEnabled: true, mobileEmulationEnabled: false, nativeEvents: true, networkConnectionEnabled: false, pageLoadStrategy: normal, platform: XP, platformName: XP, rotatable: false, setWindowRect: true, takesHeapSnapshot: true, takesScreenshot: true, unexpectedAlertBehaviour: , unhandledPromptBehavior: , version: 68.0.3440.106, webStorageEnabled: true}
Session ID: 6f334fd4de34a564448805849cd05d14
at sun.reflect.NativeConstructorAccessorImpl.newInstance0(Native Method)
at sun.reflect.NativeConstructorAccessorImpl.newInstance(NativeConstructorAccessorImpl.java:62)
at sun.reflect.DelegatingConstructorAccessorImpl.newInstance(DelegatingConstructorAccessorImpl.java:45)
at java.lang.reflect.Constructor.newInstance(Constructor.java:423)
at org.openqa.selenium.remote.ErrorHandler.createThrowable(ErrorHandler.java:214)
at org.openqa.selenium.remote.ErrorHandler.throwIfResponseFailed(ErrorHandler.java:166)
at org.openqa.selenium.remote.http.JsonHttpResponseCodec.reconstructValue(JsonHttpResponseCodec.java:40)
at org.openqa.selenium.remote.http.AbstractHttpResponseCodec.decode(AbstractHttpResponseCodec.java:80)
at org.openqa.selenium.remote.http.AbstractHttpResponseCodec.decode(AbstractHttpResponseCodec.java:44)
at org.openqa.selenium.remote.HttpCommandExecutor.execute(HttpCommandExecutor.java:158)
at org.openqa.selenium.remote.service.DriverCommandExecutor.execute(DriverCommandExecutor.java:83)
at org.openqa.selenium.remote.RemoteWebDriver.execute(RemoteWebDriver.java:545)
at org.openqa.selenium.remote.RemoteWebElement.execute(RemoteWebElement.java:279)
at org.openqa.selenium.remote.RemoteWebElement.isDisplayed(RemoteWebElement.java:320)
at sun.reflect.GeneratedMethodAccessor12.invoke(Unknown Source)
at sun.reflect.DelegatingMethodAccessorImpl.invoke(DelegatingMethodAccessorImpl.java:43)
at java.lang.reflect.Method.invoke(Method.java:498)
at org.openqa.selenium.support.pagefactory.internal.LocatingElementHandler.invoke(LocatingElementHandler.java:51)
at com.sun.proxy.$Proxy14.isDisplayed(Unknown Source)
at org.openqa.selenium.support.ui.ExpectedConditions.elementIfVisible(ExpectedConditions.java:315)
at org.openqa.selenium.support.ui.ExpectedConditions.access$100(ExpectedConditions.java:44)
at org.openqa.selenium.support.ui.ExpectedConditions$10.apply(ExpectedConditions.java:301)
at org.openqa.selenium.support.ui.ExpectedConditions$10.apply(ExpectedConditions.java:298)
at org.openqa.selenium.support.ui.ExpectedConditions$23.apply(ExpectedConditions.java:686)
at org.openqa.selenium.support.ui.ExpectedConditions$23.apply(ExpectedConditions.java:682)
at org.openqa.selenium.support.ui.FluentWait.until(FluentWait.java:248)
at com.revature.testng.Assignforce_Testing_KW.logoutAndCloseDriver(Assignforce_Testing_KW.java:58)
at sun.reflect.NativeMethodAccessorImpl.invoke0(Native Method)
at sun.reflect.NativeMethodAccessorImpl.invoke(NativeMethodAccessorImpl.java:62)
at sun.reflect.DelegatingMethodAccessorImpl.invoke(DelegatingMethodAccessorImpl.java:43)
at java.lang.reflect.Method.invoke(Method.java:498)
at org.testng.internal.MethodInvocationHelper.invokeMethod(MethodInvocationHelper.java:124)
at org.testng.internal.MethodInvocationHelper.invokeMethodConsideringTimeout(MethodInvocationHelper.java:59)
at org.testng.internal.Invoker.invokeConfigurationMethod(Invoker.java:458)
at org.testng.internal.Invoker.invokeConfigurations(Invoker.java:222)
at org.testng.internal.Invoker.invokeMethod(Invoker.java:646)
at org.testng.internal.Invoker.invokeTestMethod(Invoker.java:719)
at org.testng.internal.Invoker.invokeTestMethods(Invoker.java:989)
at org.testng.internal.TestMethodWorker.invokeTestMethods(TestMethodWorker.java:125)
at org.testng.internal.TestMethodWorker.run(TestMethodWorker.java:109)
at org.testng.TestRunner.privateRun(TestRunner.java:648)
at org.testng.TestRunner.run(TestRunner.java:505)
at org.testng.SuiteRunner.runTest(SuiteRunner.java:455)
at org.testng.SuiteRunner.runSequentially(SuiteRunner.java:450)
at org.testng.SuiteRunner.privateRun(SuiteRunner.java:415)
at org.testng.SuiteRunner.run(SuiteRunner.java:364)
at org.testng.SuiteRunnerWorker.runSuite(SuiteRunnerWorker.java:52)
at org.testng.SuiteRunnerWorker.run(SuiteRunnerWorker.java:84)
at org.testng.TestNG.runSuitesSequentially(TestNG.java:1208)
at org.testng.TestNG.runSuitesLocally(TestNG.java:1137)
at org.testng.TestNG.runSuites(TestNG.java:1049)
at org.testng.TestNG.run(TestNG.java:1017)
at org.testng.remote.AbstractRemoteTestNG.run(AbstractRemoteTestNG.java:114)
at org.testng.remote.RemoteTestNG.initAndRun(RemoteTestNG.java:251)
at org.testng.remote.RemoteTestNG.main(RemoteTestNG.java:77)
]]>
    </error>
  </testcase> <!-- logoutAndCloseDriver -->
  <testcase name="adminCreateNewBatchAndCancel4" time="19.655" classname="com.revature.testng.Assignforce_Testing_KW"/>
  <testcase name="adminCreateNewBatchAndCancel2" time="19.410" classname="com.revature.testng.Assignforce_Testing_KW"/>
  <testcase name="adminCreateNewBatchAndCancel6" time="19.981" classname="com.revature.testng.Assignforce_Testing_KW"/>
  <testcase name="adminIterateThroughBatchCoreUntilMemoryFault" time="0.000" classname="com.revature.testng.Assignforce_Testing_KW">
    <skipped/>
  </testcase> <!-- adminIterateThroughBatchCoreUntilMemoryFault -->
  <testcase name="adminCreateNewBatchAndCancel10" time="19.491" classname="com.revature.testng.Assignforce_Testing_KW"/>
  <testcase name="adminCreateNewBatchAndCancel7" time="17.628" classname="com.revature.testng.Assignforce_Testing_KW"/>
  <testcase name="adminIterateThroughBuildling" time="0.000" classname="com.revature.testng.Assignforce_Testing_KW">
    <skipped/>
  </testcase> <!-- adminIterateThroughBuildling -->
  <testcase name="adminIterateThroughBatchCoreList" time="0.000" classname="com.revature.testng.Assignforce_Testing_KW">
    <skipped/>
  </testcase> <!-- adminIterateThroughBatchCoreList -->
  <testcase name="adminCreateNewBatchAndCancel" time="20.579" classname="com.revature.testng.Assignforce_Testing_KW"/>
  <testcase name="adminIterateThroughCotrainers" time="0.000" classname="com.revature.testng.Assignforce_Testing_KW">
    <skipped/>
  </testcase> <!-- adminIterateThroughCotrainers -->
  <testcase name="adminCreateNewBatchAndCancel9" time="19.557" classname="com.revature.testng.Assignforce_Testing_KW"/>
  <testcase name="testAdminLogin" classname="com.revature.testng.Assignforce_Testing_KW">
    <skipped/>
  </testcase> <!-- testAdminLogin -->
  <testcase name="testUserLogin" classname="com.revature.testng.Assignforce_Testing_KW">
    <skipped/>
  </testcase> <!-- testUserLogin -->
</testsuite> <!-- com.revature.testng.Assignforce_Testing_KW -->
