<?xml version="1.0" encoding="UTF-8"?>
<!-- Generated by org.testng.reporters.JUnitReportReporter -->
<testsuite skipped="0" hostname="2CE4250J62" name="com.revature.testng.Assignforce_Testing_KW" tests="1" failures="0" timestamp="17 Aug 2018 17:48:55 GMT" time="17.694" errors="0">
  <testcase name="testSettingsTab" time="17.694" classname="com.revature.testng.Assignforce_Testing_KW"/>
</testsuite> <!-- com.revature.testng.Assignforce_Testing_KW -->
