<?xml version="1.0" encoding="UTF-8"?>
<!-- Generated by org.testng.reporters.JUnitReportReporter -->
<testsuite skipped="1" hostname="2CE4250J62" name="com.revature.cucumber.TestRunner" tests="1" failures="0" timestamp="20 Aug 2018 07:02:54 GMT" time="0.000" errors="0">
  <testcase name="feature" time="0.000" classname="com.revature.cucumber.TestRunner">
    <skipped/>
  </testcase> <!-- feature -->
</testsuite> <!-- com.revature.cucumber.TestRunner -->
