<?xml version="1.0" encoding="UTF-8"?>
<!-- Generated by org.testng.reporters.JUnitReportReporter -->
<testsuite skipped="0" hostname="2CE4250J62" name="com.revature.testng.LoginTests" tests="2" failures="0" timestamp="17 Aug 2018 18:52:27 GMT" time="27.291" errors="0">
  <testcase name="testLogout" time="14.644" classname="com.revature.testng.LoginTests"/>
  <testcase name="testLogin" time="12.647" classname="com.revature.testng.LoginTests"/>
</testsuite> <!-- com.revature.testng.LoginTests -->
