<?xml version="1.0" encoding="UTF-8"?>
<!-- Generated by org.testng.reporters.JUnitReportReporter -->
<testsuite skipped="0" hostname="2CE4250J62" name="com.revature.testng.LoginTests" tests="2" failures="0" timestamp="20 Aug 2018 07:33:25 GMT" time="32.403" errors="0">
  <testcase name="testLogout" time="17.761" classname="com.revature.testng.LoginTests"/>
  <testcase name="testLogin" time="14.642" classname="com.revature.testng.LoginTests"/>
</testsuite> <!-- com.revature.testng.LoginTests -->
