<?xml version="1.0" encoding="UTF-8"?>
<!-- Generated by org.testng.reporters.JUnitReportReporter -->
<testsuite skipped="0" hostname="2CE4250J62" name="com.revature.cucumber.TestRunnerBatch" tests="1" failures="0" timestamp="20 Aug 2018 07:33:25 GMT" time="116.865" errors="0">
  <testcase name="feature" time="116.865" classname="com.revature.cucumber.TestRunnerBatch"/>
</testsuite> <!-- com.revature.cucumber.TestRunnerBatch -->
